running egg_info
writing ../../build/breandon/breandon.egg-info/PKG-INFO
writing dependency_links to ../../build/breandon/breandon.egg-info/dependency_links.txt
writing entry points to ../../build/breandon/breandon.egg-info/entry_points.txt
writing requirements to ../../build/breandon/breandon.egg-info/requires.txt
writing top-level names to ../../build/breandon/breandon.egg-info/top_level.txt
reading manifest file '../../build/breandon/breandon.egg-info/SOURCES.txt'
writing manifest file '../../build/breandon/breandon.egg-info/SOURCES.txt'
running build
running build_py
running install
running install_lib
running install_data
running install_egg_info
removing '/home/jetson/breandon/ros2_ws/install/breandon/lib/python3.8/site-packages/breandon-0.0.0-py3.8.egg-info' (and everything under it)
Copying ../../build/breandon/breandon.egg-info to /home/jetson/breandon/ros2_ws/install/breandon/lib/python3.8/site-packages/breandon-0.0.0-py3.8.egg-info
running install_scripts
Installing Moving_forward script to /home/jetson/breandon/ros2_ws/install/breandon/lib/breandon
Installing Opt_Moving_forward script to /home/jetson/breandon/ros2_ws/install/breandon/lib/breandon
writing list of installed files to '/home/jetson/breandon/ros2_ws/build/breandon/install.log'
