[77.477s] DEBUG:colcon:Command line arguments: ['/usr/bin/colcon', 'build', '--symlink-install']
[77.478s] DEBUG:colcon:Parsed command line arguments: Namespace(allow_overriding=[], ament_cmake_args=None, base_paths=['.'], build_base='build', catkin_cmake_args=None, catkin_skip_building_tests=False, cmake_args=None, cmake_clean_cache=False, cmake_clean_first=False, cmake_force_configure=False, cmake_target=None, cmake_target_skip_unavailable=False, continue_on_error=False, event_handlers=None, executor='parallel', ignore_user_meta=False, install_base='install', log_base=None, log_level=None, main=<bound method BuildVerb.main of <colcon_core.verb.build.BuildVerb object at 0xffff9a2e32e0>>, merge_install=False, metas=['./colcon.meta'], packages_above=None, packages_above_and_dependencies=None, packages_above_depth=None, packages_end=None, packages_ignore=None, packages_ignore_regex=None, packages_select=None, packages_select_build_failed=False, packages_select_by_dep=None, packages_select_regex=None, packages_select_test_failures=False, packages_skip=None, packages_skip_build_finished=False, packages_skip_by_dep=None, packages_skip_regex=None, packages_skip_test_passed=False, packages_skip_up_to=None, packages_start=None, packages_up_to=None, packages_up_to_regex=None, parallel_workers=6, paths=None, symlink_install=True, test_result_base=None, verb_extension=<colcon_core.verb.build.BuildVerb object at 0xffff9a2e32e0>, verb_name='build', verb_parser=<colcon_defaults.argument_parser.defaults.DefaultArgumentsDecorator object at 0xffff9a2e3550>)
[80.900s] Level 1:colcon.colcon_core.package_discovery:discover_packages(colcon_meta) check parameters
[80.901s] Level 1:colcon.colcon_core.package_discovery:discover_packages(recursive) check parameters
[80.901s] Level 1:colcon.colcon_core.package_discovery:discover_packages(ignore) check parameters
[80.901s] Level 1:colcon.colcon_core.package_discovery:discover_packages(path) check parameters
[80.901s] Level 1:colcon.colcon_core.package_discovery:discover_packages(colcon_meta) discover
[80.901s] Level 1:colcon.colcon_core.package_discovery:discover_packages(recursive) discover
[80.902s] INFO:colcon.colcon_core.package_discovery:Crawling recursively for packages in '/home/jetson/breandon/ros2_ws'
[80.902s] Level 1:colcon.colcon_core.package_identification:_identify(.) by extensions ['ignore', 'ignore_ament_install']
[80.903s] Level 1:colcon.colcon_core.package_identification:_identify(.) by extension 'ignore'
[80.903s] Level 1:colcon.colcon_core.package_identification:_identify(.) by extension 'ignore_ament_install'
[80.903s] Level 1:colcon.colcon_core.package_identification:_identify(.) by extensions ['colcon_pkg']
[80.903s] Level 1:colcon.colcon_core.package_identification:_identify(.) by extension 'colcon_pkg'
[80.903s] Level 1:colcon.colcon_core.package_identification:_identify(.) by extensions ['colcon_meta']
[80.904s] Level 1:colcon.colcon_core.package_identification:_identify(.) by extension 'colcon_meta'
[80.904s] Level 1:colcon.colcon_core.package_identification:_identify(.) by extensions ['ros']
[80.904s] Level 1:colcon.colcon_core.package_identification:_identify(.) by extension 'ros'
[81.465s] Level 1:colcon.colcon_core.package_identification:_identify(.) by extensions ['cmake', 'python']
[81.465s] Level 1:colcon.colcon_core.package_identification:_identify(.) by extension 'cmake'
[81.466s] Level 1:colcon.colcon_core.package_identification:_identify(.) by extension 'python'
[81.466s] Level 1:colcon.colcon_core.package_identification:_identify(.) by extensions ['python_setup_py']
[81.466s] Level 1:colcon.colcon_core.package_identification:_identify(.) by extension 'python_setup_py'
[81.467s] Level 1:colcon.colcon_core.package_identification:_identify(build) by extensions ['ignore', 'ignore_ament_install']
[81.467s] Level 1:colcon.colcon_core.package_identification:_identify(build) by extension 'ignore'
[81.468s] Level 1:colcon.colcon_core.package_identification:_identify(build) ignored
[81.468s] Level 1:colcon.colcon_core.package_identification:_identify(install) by extensions ['ignore', 'ignore_ament_install']
[81.469s] Level 1:colcon.colcon_core.package_identification:_identify(install) by extension 'ignore'
[81.469s] Level 1:colcon.colcon_core.package_identification:_identify(install) ignored
[81.470s] Level 1:colcon.colcon_core.package_identification:_identify(log) by extensions ['ignore', 'ignore_ament_install']
[81.470s] Level 1:colcon.colcon_core.package_identification:_identify(log) by extension 'ignore'
[81.471s] Level 1:colcon.colcon_core.package_identification:_identify(log) ignored
[81.471s] Level 1:colcon.colcon_core.package_identification:_identify(src) by extensions ['ignore', 'ignore_ament_install']
[81.472s] Level 1:colcon.colcon_core.package_identification:_identify(src) by extension 'ignore'
[81.472s] Level 1:colcon.colcon_core.package_identification:_identify(src) by extension 'ignore_ament_install'
[81.472s] Level 1:colcon.colcon_core.package_identification:_identify(src) by extensions ['colcon_pkg']
[81.472s] Level 1:colcon.colcon_core.package_identification:_identify(src) by extension 'colcon_pkg'
[81.473s] Level 1:colcon.colcon_core.package_identification:_identify(src) by extensions ['colcon_meta']
[81.473s] Level 1:colcon.colcon_core.package_identification:_identify(src) by extension 'colcon_meta'
[81.473s] Level 1:colcon.colcon_core.package_identification:_identify(src) by extensions ['ros']
[81.473s] Level 1:colcon.colcon_core.package_identification:_identify(src) by extension 'ros'
[81.474s] Level 1:colcon.colcon_core.package_identification:_identify(src) by extensions ['cmake', 'python']
[81.474s] Level 1:colcon.colcon_core.package_identification:_identify(src) by extension 'cmake'
[81.474s] Level 1:colcon.colcon_core.package_identification:_identify(src) by extension 'python'
[81.474s] Level 1:colcon.colcon_core.package_identification:_identify(src) by extensions ['python_setup_py']
[81.474s] Level 1:colcon.colcon_core.package_identification:_identify(src) by extension 'python_setup_py'
[81.487s] Level 1:colcon.colcon_core.package_identification:_identify(src/breandon) by extensions ['ignore', 'ignore_ament_install']
[81.487s] Level 1:colcon.colcon_core.package_identification:_identify(src/breandon) by extension 'ignore'
[81.488s] Level 1:colcon.colcon_core.package_identification:_identify(src/breandon) by extension 'ignore_ament_install'
[81.488s] Level 1:colcon.colcon_core.package_identification:_identify(src/breandon) by extensions ['colcon_pkg']
[81.488s] Level 1:colcon.colcon_core.package_identification:_identify(src/breandon) by extension 'colcon_pkg'
[81.488s] Level 1:colcon.colcon_core.package_identification:_identify(src/breandon) by extensions ['colcon_meta']
[81.488s] Level 1:colcon.colcon_core.package_identification:_identify(src/breandon) by extension 'colcon_meta'
[81.489s] Level 1:colcon.colcon_core.package_identification:_identify(src/breandon) by extensions ['ros']
[81.489s] Level 1:colcon.colcon_core.package_identification:_identify(src/breandon) by extension 'ros'
[81.643s] DEBUG:colcon.colcon_core.package_identification:Package 'src/breandon' with type 'ros.ament_python' and name 'breandon'
[81.653s] Level 1:colcon.colcon_core.package_discovery:discover_packages(recursive) using defaults
[81.654s] Level 1:colcon.colcon_core.package_discovery:discover_packages(ignore) discover
[81.655s] Level 1:colcon.colcon_core.package_discovery:discover_packages(ignore) using defaults
[81.655s] Level 1:colcon.colcon_core.package_discovery:discover_packages(path) discover
[81.655s] Level 1:colcon.colcon_core.package_discovery:discover_packages(path) using defaults
[88.042s] Level 1:colcon.colcon_core.package_discovery:discover_packages(prefix_path) check parameters
[88.043s] Level 1:colcon.colcon_core.package_discovery:discover_packages(prefix_path) discover
[91.192s] DEBUG:colcon.colcon_installed_package_information.package_discovery:Found 1 installed packages in /home/jetson/breandon/ros2_ws/install
[92.202s] DEBUG:colcon.colcon_installed_package_information.package_discovery:Found 1 installed packages in /home/jetson/Documents/Ros2PP/install
[93.763s] DEBUG:colcon.colcon_installed_package_information.package_discovery:Found 24 installed packages in /home/jetson/f1tenth_ws/install
[94.739s] DEBUG:colcon.colcon_installed_package_information.package_discovery:Found 326 installed packages in /home/jetson/ros2_foxy/install
[95.721s] DEBUG:colcon.colcon_installed_package_information.package_discovery:Found 365 installed packages in /opt/ros/foxy
[95.808s] Level 1:colcon.colcon_core.package_discovery:discover_packages(prefix_path) using defaults
[101.686s] Level 5:colcon.colcon_core.verb:set package 'breandon' build argument 'cmake_args' from command line to 'None'
[101.686s] Level 5:colcon.colcon_core.verb:set package 'breandon' build argument 'cmake_target' from command line to 'None'
[101.687s] Level 5:colcon.colcon_core.verb:set package 'breandon' build argument 'cmake_target_skip_unavailable' from command line to 'False'
[101.687s] Level 5:colcon.colcon_core.verb:set package 'breandon' build argument 'cmake_clean_cache' from command line to 'False'
[101.687s] Level 5:colcon.colcon_core.verb:set package 'breandon' build argument 'cmake_clean_first' from command line to 'False'
[101.687s] Level 5:colcon.colcon_core.verb:set package 'breandon' build argument 'cmake_force_configure' from command line to 'False'
[101.687s] Level 5:colcon.colcon_core.verb:set package 'breandon' build argument 'ament_cmake_args' from command line to 'None'
[101.687s] Level 5:colcon.colcon_core.verb:set package 'breandon' build argument 'catkin_cmake_args' from command line to 'None'
[101.687s] Level 5:colcon.colcon_core.verb:set package 'breandon' build argument 'catkin_skip_building_tests' from command line to 'False'
[101.688s] DEBUG:colcon.colcon_core.verb:Building package 'breandon' with the following arguments: {'ament_cmake_args': None, 'build_base': '/home/jetson/breandon/ros2_ws/build/breandon', 'catkin_cmake_args': None, 'catkin_skip_building_tests': False, 'cmake_args': None, 'cmake_clean_cache': False, 'cmake_clean_first': False, 'cmake_force_configure': False, 'cmake_target': None, 'cmake_target_skip_unavailable': False, 'install_base': '/home/jetson/breandon/ros2_ws/install/breandon', 'merge_install': False, 'path': '/home/jetson/breandon/ros2_ws/src/breandon', 'symlink_install': True, 'test_result_base': None}
[103.048s] INFO:colcon.colcon_core.executor:Executing jobs using 'parallel' executor
[104.110s] DEBUG:colcon.colcon_parallel_executor.executor.parallel:run_until_complete
[104.177s] INFO:colcon.colcon_ros.task.ament_python.build:Building ROS package in '/home/jetson/breandon/ros2_ws/src/breandon' with build type 'ament_python'
[104.178s] Level 1:colcon.colcon_core.shell:create_environment_hook('breandon', 'ament_prefix_path')
[105.669s] INFO:colcon.colcon_core.plugin_system:Skipping extension 'colcon_core.shell.bat': Not used on non-Windows systems
[105.672s] INFO:colcon.colcon_core.shell:Creating environment hook '/home/jetson/breandon/ros2_ws/install/breandon/share/breandon/hook/ament_prefix_path.ps1'
[105.677s] INFO:colcon.colcon_core.shell:Creating environment descriptor '/home/jetson/breandon/ros2_ws/install/breandon/share/breandon/hook/ament_prefix_path.dsv'
[105.681s] INFO:colcon.colcon_core.shell:Creating environment hook '/home/jetson/breandon/ros2_ws/install/breandon/share/breandon/hook/ament_prefix_path.sh'
[107.195s] INFO:colcon.colcon_core.shell:Skip shell extension 'powershell' for command environment: Not usable outside of PowerShell
[107.195s] DEBUG:colcon.colcon_core.shell:Skip shell extension 'dsv' for command environment
[121.295s] INFO:colcon.colcon_core.task.python.build:Building Python package in '/home/jetson/breandon/ros2_ws/src/breandon'
[123.097s] INFO:colcon.colcon_core.shell:Skip shell extension 'powershell' for command environment: Not usable outside of PowerShell
[123.097s] DEBUG:colcon.colcon_core.shell:Skip shell extension 'dsv' for command environment
[147.767s] DEBUG:colcon.colcon_core.event_handler.log_command:Invoking command in '/home/jetson/breandon/ros2_ws/build/breandon': PYTHONPATH=/home/jetson/breandon/ros2_ws/build/breandon/prefix_override:/home/jetson/breandon/ros2_ws/install/breandon/lib/python3.8/site-packages:${PYTHONPATH} /usr/bin/python3 setup.py develop --editable --build-directory /home/jetson/breandon/ros2_ws/build/breandon/build --no-deps install_data
[160.332s] Level 1:colcon.colcon_core.shell:create_environment_hook('breandon', 'pythonpath_develop')
[160.338s] DEBUG:colcon.colcon_core.event_handler.log_command:Invoked command in '/home/jetson/breandon/ros2_ws/build/breandon' returned '0': PYTHONPATH=/home/jetson/breandon/ros2_ws/build/breandon/prefix_override:/home/jetson/breandon/ros2_ws/install/breandon/lib/python3.8/site-packages:${PYTHONPATH} /usr/bin/python3 setup.py develop --editable --build-directory /home/jetson/breandon/ros2_ws/build/breandon/build --no-deps install_data
[161.866s] INFO:colcon.colcon_core.shell:Creating environment hook '/home/jetson/breandon/ros2_ws/build/breandon/share/breandon/hook/pythonpath_develop.ps1'
[161.976s] INFO:colcon.colcon_core.shell:Creating environment descriptor '/home/jetson/breandon/ros2_ws/build/breandon/share/breandon/hook/pythonpath_develop.dsv'
[162.082s] INFO:colcon.colcon_core.shell:Creating environment hook '/home/jetson/breandon/ros2_ws/build/breandon/share/breandon/hook/pythonpath_develop.sh'
[163.822s] Level 1:colcon.colcon_core.environment:checking '/home/jetson/breandon/ros2_ws/install/breandon' for CMake module files
[163.826s] Level 1:colcon.colcon_core.environment:checking '/home/jetson/breandon/ros2_ws/install/breandon' for CMake config files
[163.831s] Level 1:colcon.colcon_core.environment:checking '/home/jetson/breandon/ros2_ws/install/breandon/lib'
[163.832s] Level 1:colcon.colcon_core.environment:checking '/home/jetson/breandon/ros2_ws/install/breandon/bin'
[163.832s] Level 1:colcon.colcon_core.environment:checking '/home/jetson/breandon/ros2_ws/install/breandon/lib/pkgconfig/breandon.pc'
[163.834s] Level 1:colcon.colcon_core.environment:checking '/home/jetson/breandon/ros2_ws/install/breandon/lib/python3.8/site-packages'
[163.834s] Level 1:colcon.colcon_core.shell:create_environment_hook('breandon', 'pythonpath')
[164.789s] INFO:colcon.colcon_core.shell:Creating environment hook '/home/jetson/breandon/ros2_ws/install/breandon/share/breandon/hook/pythonpath.ps1'
[164.792s] INFO:colcon.colcon_core.shell:Creating environment descriptor '/home/jetson/breandon/ros2_ws/install/breandon/share/breandon/hook/pythonpath.dsv'
[164.829s] INFO:colcon.colcon_core.shell:Creating environment hook '/home/jetson/breandon/ros2_ws/install/breandon/share/breandon/hook/pythonpath.sh'
[164.832s] Level 1:colcon.colcon_core.environment:checking '/home/jetson/breandon/ros2_ws/install/breandon/bin'
[164.832s] Level 1:colcon.colcon_core.environment:create_environment_scripts_only(breandon)
[165.784s] INFO:colcon.colcon_core.shell:Creating package script '/home/jetson/breandon/ros2_ws/install/breandon/share/breandon/package.ps1'
[165.929s] INFO:colcon.colcon_core.shell:Creating package descriptor '/home/jetson/breandon/ros2_ws/install/breandon/share/breandon/package.dsv'
[165.933s] INFO:colcon.colcon_core.shell:Creating package script '/home/jetson/breandon/ros2_ws/install/breandon/share/breandon/package.sh'
[165.943s] INFO:colcon.colcon_core.shell:Creating package script '/home/jetson/breandon/ros2_ws/install/breandon/share/breandon/package.bash'
[165.950s] INFO:colcon.colcon_core.shell:Creating package script '/home/jetson/breandon/ros2_ws/install/breandon/share/breandon/package.zsh'
[165.955s] Level 1:colcon.colcon_core.environment:create_file_with_runtime_dependencies(/home/jetson/breandon/ros2_ws/install/breandon/share/colcon-core/packages/breandon)
[165.958s] DEBUG:colcon.colcon_parallel_executor.executor.parallel:closing loop
[165.959s] DEBUG:colcon.colcon_parallel_executor.executor.parallel:loop closed
[165.960s] DEBUG:colcon.colcon_parallel_executor.executor.parallel:run_until_complete finished with '0'
[165.983s] DEBUG:colcon.colcon_core.event_reactor:joining thread
[167.682s] INFO:colcon.colcon_core.plugin_system:Skipping extension 'colcon_notification.desktop_notification.terminal_notifier': Not used on non-Darwin systems
[167.683s] INFO:colcon.colcon_core.plugin_system:Skipping extension 'colcon_notification.desktop_notification.win32': Not used on non-Windows systems
[167.684s] INFO:colcon.colcon_notification.desktop_notification:Sending desktop notification using 'notify2'
[167.967s] DEBUG:colcon.colcon_core.event_reactor:joined thread
[168.914s] INFO:colcon.colcon_core.shell:Creating prefix script '/home/jetson/breandon/ros2_ws/install/local_setup.ps1'
[169.057s] INFO:colcon.colcon_core.shell:Creating prefix util module '/home/jetson/breandon/ros2_ws/install/_local_setup_util_ps1.py'
[169.064s] INFO:colcon.colcon_core.shell:Creating prefix chain script '/home/jetson/breandon/ros2_ws/install/setup.ps1'
[170.253s] INFO:colcon.colcon_core.shell:Creating prefix script '/home/jetson/breandon/ros2_ws/install/local_setup.sh'
[170.259s] INFO:colcon.colcon_core.shell:Creating prefix util module '/home/jetson/breandon/ros2_ws/install/_local_setup_util_sh.py'
[170.274s] INFO:colcon.colcon_core.shell:Creating prefix chain script '/home/jetson/breandon/ros2_ws/install/setup.sh'
[171.698s] INFO:colcon.colcon_core.shell:Creating prefix script '/home/jetson/breandon/ros2_ws/install/local_setup.bash'
[171.701s] INFO:colcon.colcon_core.shell:Creating prefix chain script '/home/jetson/breandon/ros2_ws/install/setup.bash'
[172.916s] INFO:colcon.colcon_core.shell:Creating prefix script '/home/jetson/breandon/ros2_ws/install/local_setup.zsh'
[172.920s] INFO:colcon.colcon_core.shell:Creating prefix chain script '/home/jetson/breandon/ros2_ws/install/setup.zsh'
