[68.215s] DEBUG:colcon:Command line arguments: ['/usr/bin/colcon', 'build']
[68.215s] DEBUG:colcon:Parsed command line arguments: Namespace(allow_overriding=[], ament_cmake_args=None, base_paths=['.'], build_base='build', catkin_cmake_args=None, catkin_skip_building_tests=False, cmake_args=None, cmake_clean_cache=False, cmake_clean_first=False, cmake_force_configure=False, cmake_target=None, cmake_target_skip_unavailable=False, continue_on_error=False, event_handlers=None, executor='parallel', ignore_user_meta=False, install_base='install', log_base=None, log_level=None, main=<bound method BuildVerb.main of <colcon_core.verb.build.BuildVerb object at 0xffff8ff3c130>>, merge_install=False, metas=['./colcon.meta'], packages_above=None, packages_above_and_dependencies=None, packages_above_depth=None, packages_end=None, packages_ignore=None, packages_ignore_regex=None, packages_select=None, packages_select_build_failed=False, packages_select_by_dep=None, packages_select_regex=None, packages_select_test_failures=False, packages_skip=None, packages_skip_build_finished=False, packages_skip_by_dep=None, packages_skip_regex=None, packages_skip_test_passed=False, packages_skip_up_to=None, packages_start=None, packages_up_to=None, packages_up_to_regex=None, parallel_workers=6, paths=None, symlink_install=False, test_result_base=None, verb_extension=<colcon_core.verb.build.BuildVerb object at 0xffff8ff3c130>, verb_name='build', verb_parser=<colcon_defaults.argument_parser.defaults.DefaultArgumentsDecorator object at 0xffff8ffaba30>)
[70.946s] Level 1:colcon.colcon_core.package_discovery:discover_packages(colcon_meta) check parameters
[70.946s] Level 1:colcon.colcon_core.package_discovery:discover_packages(recursive) check parameters
[70.947s] Level 1:colcon.colcon_core.package_discovery:discover_packages(ignore) check parameters
[70.947s] Level 1:colcon.colcon_core.package_discovery:discover_packages(path) check parameters
[70.947s] Level 1:colcon.colcon_core.package_discovery:discover_packages(colcon_meta) discover
[70.947s] Level 1:colcon.colcon_core.package_discovery:discover_packages(recursive) discover
[70.948s] INFO:colcon.colcon_core.package_discovery:Crawling recursively for packages in '/home/jetson/breandon/ros2_ws'
[70.948s] Level 1:colcon.colcon_core.package_identification:_identify(.) by extensions ['ignore', 'ignore_ament_install']
[70.948s] Level 1:colcon.colcon_core.package_identification:_identify(.) by extension 'ignore'
[70.949s] Level 1:colcon.colcon_core.package_identification:_identify(.) by extension 'ignore_ament_install'
[70.950s] Level 1:colcon.colcon_core.package_identification:_identify(.) by extensions ['colcon_pkg']
[70.950s] Level 1:colcon.colcon_core.package_identification:_identify(.) by extension 'colcon_pkg'
[70.951s] Level 1:colcon.colcon_core.package_identification:_identify(.) by extensions ['colcon_meta']
[70.951s] Level 1:colcon.colcon_core.package_identification:_identify(.) by extension 'colcon_meta'
[70.951s] Level 1:colcon.colcon_core.package_identification:_identify(.) by extensions ['ros']
[70.951s] Level 1:colcon.colcon_core.package_identification:_identify(.) by extension 'ros'
[71.028s] Level 1:colcon.colcon_core.package_identification:_identify(.) by extensions ['cmake', 'python']
[71.029s] Level 1:colcon.colcon_core.package_identification:_identify(.) by extension 'cmake'
[71.029s] Level 1:colcon.colcon_core.package_identification:_identify(.) by extension 'python'
[71.029s] Level 1:colcon.colcon_core.package_identification:_identify(.) by extensions ['python_setup_py']
[71.029s] Level 1:colcon.colcon_core.package_identification:_identify(.) by extension 'python_setup_py'
[71.030s] Level 1:colcon.colcon_core.package_identification:_identify(build) by extensions ['ignore', 'ignore_ament_install']
[71.030s] Level 1:colcon.colcon_core.package_identification:_identify(build) by extension 'ignore'
[71.030s] Level 1:colcon.colcon_core.package_identification:_identify(build) ignored
[71.031s] Level 1:colcon.colcon_core.package_identification:_identify(install) by extensions ['ignore', 'ignore_ament_install']
[71.032s] Level 1:colcon.colcon_core.package_identification:_identify(install) by extension 'ignore'
[71.032s] Level 1:colcon.colcon_core.package_identification:_identify(install) ignored
[71.032s] Level 1:colcon.colcon_core.package_identification:_identify(log) by extensions ['ignore', 'ignore_ament_install']
[71.033s] Level 1:colcon.colcon_core.package_identification:_identify(log) by extension 'ignore'
[71.033s] Level 1:colcon.colcon_core.package_identification:_identify(log) ignored
[71.173s] Level 1:colcon.colcon_core.package_identification:_identify(src) by extensions ['ignore', 'ignore_ament_install']
[71.174s] Level 1:colcon.colcon_core.package_identification:_identify(src) by extension 'ignore'
[71.174s] Level 1:colcon.colcon_core.package_identification:_identify(src) by extension 'ignore_ament_install'
[71.175s] Level 1:colcon.colcon_core.package_identification:_identify(src) by extensions ['colcon_pkg']
[71.175s] Level 1:colcon.colcon_core.package_identification:_identify(src) by extension 'colcon_pkg'
[71.175s] Level 1:colcon.colcon_core.package_identification:_identify(src) by extensions ['colcon_meta']
[71.175s] Level 1:colcon.colcon_core.package_identification:_identify(src) by extension 'colcon_meta'
[71.175s] Level 1:colcon.colcon_core.package_identification:_identify(src) by extensions ['ros']
[71.176s] Level 1:colcon.colcon_core.package_identification:_identify(src) by extension 'ros'
[71.176s] Level 1:colcon.colcon_core.package_identification:_identify(src) by extensions ['cmake', 'python']
[71.176s] Level 1:colcon.colcon_core.package_identification:_identify(src) by extension 'cmake'
[71.176s] Level 1:colcon.colcon_core.package_identification:_identify(src) by extension 'python'
[71.177s] Level 1:colcon.colcon_core.package_identification:_identify(src) by extensions ['python_setup_py']
[71.177s] Level 1:colcon.colcon_core.package_identification:_identify(src) by extension 'python_setup_py'
[71.180s] Level 1:colcon.colcon_core.package_identification:_identify(src/breandon) by extensions ['ignore', 'ignore_ament_install']
[71.181s] Level 1:colcon.colcon_core.package_identification:_identify(src/breandon) by extension 'ignore'
[71.181s] Level 1:colcon.colcon_core.package_identification:_identify(src/breandon) by extension 'ignore_ament_install'
[71.181s] Level 1:colcon.colcon_core.package_identification:_identify(src/breandon) by extensions ['colcon_pkg']
[71.182s] Level 1:colcon.colcon_core.package_identification:_identify(src/breandon) by extension 'colcon_pkg'
[71.182s] Level 1:colcon.colcon_core.package_identification:_identify(src/breandon) by extensions ['colcon_meta']
[71.182s] Level 1:colcon.colcon_core.package_identification:_identify(src/breandon) by extension 'colcon_meta'
[71.182s] Level 1:colcon.colcon_core.package_identification:_identify(src/breandon) by extensions ['ros']
[71.182s] Level 1:colcon.colcon_core.package_identification:_identify(src/breandon) by extension 'ros'
[71.200s] DEBUG:colcon.colcon_core.package_identification:Package 'src/breandon' with type 'ros.ament_python' and name 'breandon'
[71.201s] Level 1:colcon.colcon_core.package_discovery:discover_packages(recursive) using defaults
[71.201s] Level 1:colcon.colcon_core.package_discovery:discover_packages(ignore) discover
[71.201s] Level 1:colcon.colcon_core.package_discovery:discover_packages(ignore) using defaults
[71.202s] Level 1:colcon.colcon_core.package_discovery:discover_packages(path) discover
[71.202s] Level 1:colcon.colcon_core.package_discovery:discover_packages(path) using defaults
[77.024s] Level 1:colcon.colcon_core.package_discovery:discover_packages(prefix_path) check parameters
[77.026s] Level 1:colcon.colcon_core.package_discovery:discover_packages(prefix_path) discover
[80.138s] DEBUG:colcon.colcon_installed_package_information.package_discovery:Found 1 installed packages in /home/jetson/brandon/ros2_ws/install
[81.229s] DEBUG:colcon.colcon_installed_package_information.package_discovery:Found 1 installed packages in /home/jetson/breandon/ros2_ws/install
[82.499s] DEBUG:colcon.colcon_installed_package_information.package_discovery:Found 1 installed packages in /home/jetson/Documents/Ros2PP/install
[83.927s] DEBUG:colcon.colcon_installed_package_information.package_discovery:Found 24 installed packages in /home/jetson/f1tenth_ws/install
[85.881s] DEBUG:colcon.colcon_installed_package_information.package_discovery:Found 326 installed packages in /home/jetson/ros2_foxy/install
[87.278s] DEBUG:colcon.colcon_installed_package_information.package_discovery:Found 1 installed packages in /home/jetson/user_test/ros2_ws/install
[88.591s] DEBUG:colcon.colcon_installed_package_information.package_discovery:Found 365 installed packages in /opt/ros/foxy
[88.671s] Level 1:colcon.colcon_core.package_discovery:discover_packages(prefix_path) using defaults
[93.457s] Level 5:colcon.colcon_core.verb:set package 'breandon' build argument 'cmake_args' from command line to 'None'
[93.458s] Level 5:colcon.colcon_core.verb:set package 'breandon' build argument 'cmake_target' from command line to 'None'
[93.458s] Level 5:colcon.colcon_core.verb:set package 'breandon' build argument 'cmake_target_skip_unavailable' from command line to 'False'
[93.458s] Level 5:colcon.colcon_core.verb:set package 'breandon' build argument 'cmake_clean_cache' from command line to 'False'
[93.458s] Level 5:colcon.colcon_core.verb:set package 'breandon' build argument 'cmake_clean_first' from command line to 'False'
[93.460s] Level 5:colcon.colcon_core.verb:set package 'breandon' build argument 'cmake_force_configure' from command line to 'False'
[93.460s] Level 5:colcon.colcon_core.verb:set package 'breandon' build argument 'ament_cmake_args' from command line to 'None'
[93.460s] Level 5:colcon.colcon_core.verb:set package 'breandon' build argument 'catkin_cmake_args' from command line to 'None'
[93.461s] Level 5:colcon.colcon_core.verb:set package 'breandon' build argument 'catkin_skip_building_tests' from command line to 'False'
[93.461s] DEBUG:colcon.colcon_core.verb:Building package 'breandon' with the following arguments: {'ament_cmake_args': None, 'build_base': '/home/jetson/breandon/ros2_ws/build/breandon', 'catkin_cmake_args': None, 'catkin_skip_building_tests': False, 'cmake_args': None, 'cmake_clean_cache': False, 'cmake_clean_first': False, 'cmake_force_configure': False, 'cmake_target': None, 'cmake_target_skip_unavailable': False, 'install_base': '/home/jetson/breandon/ros2_ws/install/breandon', 'merge_install': False, 'path': '/home/jetson/breandon/ros2_ws/src/breandon', 'symlink_install': False, 'test_result_base': None}
[95.476s] INFO:colcon.colcon_core.executor:Executing jobs using 'parallel' executor
[97.118s] DEBUG:colcon.colcon_parallel_executor.executor.parallel:run_until_complete
[97.119s] INFO:colcon.colcon_ros.task.ament_python.build:Building ROS package in '/home/jetson/breandon/ros2_ws/src/breandon' with build type 'ament_python'
[97.120s] Level 1:colcon.colcon_core.shell:create_environment_hook('breandon', 'ament_prefix_path')
[98.564s] INFO:colcon.colcon_core.plugin_system:Skipping extension 'colcon_core.shell.bat': Not used on non-Windows systems
[98.565s] INFO:colcon.colcon_core.shell:Creating environment hook '/home/jetson/breandon/ros2_ws/install/breandon/share/breandon/hook/ament_prefix_path.ps1'
[98.568s] INFO:colcon.colcon_core.shell:Creating environment descriptor '/home/jetson/breandon/ros2_ws/install/breandon/share/breandon/hook/ament_prefix_path.dsv'
[98.604s] INFO:colcon.colcon_core.shell:Creating environment hook '/home/jetson/breandon/ros2_ws/install/breandon/share/breandon/hook/ament_prefix_path.sh'
[100.437s] INFO:colcon.colcon_core.shell:Skip shell extension 'powershell' for command environment: Not usable outside of PowerShell
[100.437s] DEBUG:colcon.colcon_core.shell:Skip shell extension 'dsv' for command environment
[119.987s] INFO:colcon.colcon_core.task.python.build:Building Python package in '/home/jetson/breandon/ros2_ws/src/breandon'
[120.872s] INFO:colcon.colcon_core.shell:Skip shell extension 'powershell' for command environment: Not usable outside of PowerShell
[120.873s] DEBUG:colcon.colcon_core.shell:Skip shell extension 'dsv' for command environment
[140.785s] DEBUG:colcon.colcon_core.event_handler.log_command:Invoking command in '/home/jetson/breandon/ros2_ws/src/breandon': PYTHONPATH=/home/jetson/breandon/ros2_ws/build/breandon/prefix_override:/home/jetson/breandon/ros2_ws/install/breandon/lib/python3.8/site-packages:${PYTHONPATH} /usr/bin/python3 setup.py egg_info --egg-base ../../build/breandon build --build-base /home/jetson/breandon/ros2_ws/build/breandon/build install --record /home/jetson/breandon/ros2_ws/build/breandon/install.log --single-version-externally-managed
[148.547s] DEBUG:colcon.colcon_core.event_handler.log_command:Invoked command in '/home/jetson/breandon/ros2_ws/src/breandon' returned '0': PYTHONPATH=/home/jetson/breandon/ros2_ws/build/breandon/prefix_override:/home/jetson/breandon/ros2_ws/install/breandon/lib/python3.8/site-packages:${PYTHONPATH} /usr/bin/python3 setup.py egg_info --egg-base ../../build/breandon build --build-base /home/jetson/breandon/ros2_ws/build/breandon/build install --record /home/jetson/breandon/ros2_ws/build/breandon/install.log --single-version-externally-managed
[149.951s] Level 1:colcon.colcon_core.environment:checking '/home/jetson/breandon/ros2_ws/install/breandon' for CMake module files
[149.956s] Level 1:colcon.colcon_core.environment:checking '/home/jetson/breandon/ros2_ws/install/breandon' for CMake config files
[150.100s] Level 1:colcon.colcon_core.environment:checking '/home/jetson/breandon/ros2_ws/install/breandon/lib'
[150.101s] Level 1:colcon.colcon_core.environment:checking '/home/jetson/breandon/ros2_ws/install/breandon/bin'
[150.102s] Level 1:colcon.colcon_core.environment:checking '/home/jetson/breandon/ros2_ws/install/breandon/lib/pkgconfig/breandon.pc'
[150.104s] Level 1:colcon.colcon_core.environment:checking '/home/jetson/breandon/ros2_ws/install/breandon/lib/python3.8/site-packages'
[150.104s] Level 1:colcon.colcon_core.shell:create_environment_hook('breandon', 'pythonpath')
[151.106s] INFO:colcon.colcon_core.shell:Creating environment hook '/home/jetson/breandon/ros2_ws/install/breandon/share/breandon/hook/pythonpath.ps1'
[151.110s] INFO:colcon.colcon_core.shell:Creating environment descriptor '/home/jetson/breandon/ros2_ws/install/breandon/share/breandon/hook/pythonpath.dsv'
[151.171s] INFO:colcon.colcon_core.shell:Creating environment hook '/home/jetson/breandon/ros2_ws/install/breandon/share/breandon/hook/pythonpath.sh'
[151.174s] Level 1:colcon.colcon_core.environment:checking '/home/jetson/breandon/ros2_ws/install/breandon/bin'
[151.180s] Level 1:colcon.colcon_core.environment:create_environment_scripts_only(breandon)
[152.273s] INFO:colcon.colcon_core.shell:Creating package script '/home/jetson/breandon/ros2_ws/install/breandon/share/breandon/package.ps1'
[152.279s] INFO:colcon.colcon_core.shell:Creating package descriptor '/home/jetson/breandon/ros2_ws/install/breandon/share/breandon/package.dsv'
[152.322s] INFO:colcon.colcon_core.shell:Creating package script '/home/jetson/breandon/ros2_ws/install/breandon/share/breandon/package.sh'
[152.327s] INFO:colcon.colcon_core.shell:Creating package script '/home/jetson/breandon/ros2_ws/install/breandon/share/breandon/package.bash'
[152.330s] INFO:colcon.colcon_core.shell:Creating package script '/home/jetson/breandon/ros2_ws/install/breandon/share/breandon/package.zsh'
[152.334s] Level 1:colcon.colcon_core.environment:create_file_with_runtime_dependencies(/home/jetson/breandon/ros2_ws/install/breandon/share/colcon-core/packages/breandon)
[152.337s] DEBUG:colcon.colcon_parallel_executor.executor.parallel:closing loop
[152.338s] DEBUG:colcon.colcon_parallel_executor.executor.parallel:loop closed
[152.350s] DEBUG:colcon.colcon_parallel_executor.executor.parallel:run_until_complete finished with '0'
[152.350s] DEBUG:colcon.colcon_core.event_reactor:joining thread
[153.235s] INFO:colcon.colcon_core.plugin_system:Skipping extension 'colcon_notification.desktop_notification.terminal_notifier': Not used on non-Darwin systems
[153.236s] INFO:colcon.colcon_core.plugin_system:Skipping extension 'colcon_notification.desktop_notification.win32': Not used on non-Windows systems
[153.236s] INFO:colcon.colcon_notification.desktop_notification:Sending desktop notification using 'notify2'
[153.414s] DEBUG:colcon.colcon_core.event_reactor:joined thread
[154.950s] INFO:colcon.colcon_core.shell:Creating prefix script '/home/jetson/breandon/ros2_ws/install/local_setup.ps1'
[154.954s] INFO:colcon.colcon_core.shell:Creating prefix util module '/home/jetson/breandon/ros2_ws/install/_local_setup_util_ps1.py'
[154.992s] INFO:colcon.colcon_core.shell:Creating prefix chain script '/home/jetson/breandon/ros2_ws/install/setup.ps1'
[156.758s] INFO:colcon.colcon_core.shell:Creating prefix script '/home/jetson/breandon/ros2_ws/install/local_setup.sh'
[156.762s] INFO:colcon.colcon_core.shell:Creating prefix util module '/home/jetson/breandon/ros2_ws/install/_local_setup_util_sh.py'
[156.765s] INFO:colcon.colcon_core.shell:Creating prefix chain script '/home/jetson/breandon/ros2_ws/install/setup.sh'
[157.912s] INFO:colcon.colcon_core.shell:Creating prefix script '/home/jetson/breandon/ros2_ws/install/local_setup.bash'
[158.025s] INFO:colcon.colcon_core.shell:Creating prefix chain script '/home/jetson/breandon/ros2_ws/install/setup.bash'
[159.651s] INFO:colcon.colcon_core.shell:Creating prefix script '/home/jetson/breandon/ros2_ws/install/local_setup.zsh'
[159.654s] INFO:colcon.colcon_core.shell:Creating prefix chain script '/home/jetson/breandon/ros2_ws/install/setup.zsh'
