[0.537s] Invoking command in '/home/brandon/ros2_ws/build/breandon': PYTHONPATH=/home/brandon/ros2_ws/build/breandon/prefix_override:/home/brandon/ros2_ws/install/breandon/lib/python3.10/site-packages:${PYTHONPATH} /usr/bin/python3 setup.py develop --editable --build-directory /home/brandon/ros2_ws/build/breandon/build --no-deps install_data
[0.729s] running develop
[0.729s] /usr/lib/python3/dist-packages/setuptools/command/easy_install.py:158: EasyInstallDeprecationWarning: easy_install command is deprecated. Use build and pip and other standards-based tools.
[0.729s]   warnings.warn(
[0.730s] /usr/lib/python3/dist-packages/setuptools/command/install.py:34: SetuptoolsDeprecationWarning: setup.py install is deprecated. Use build and pip and other standards-based tools.
[0.730s]   warnings.warn(
[0.859s] running egg_info
[0.859s] writing breandon.egg-info/PKG-INFO
[0.860s] writing dependency_links to breandon.egg-info/dependency_links.txt
[0.860s] writing entry points to breandon.egg-info/entry_points.txt
[0.860s] writing requirements to breandon.egg-info/requires.txt
[0.860s] writing top-level names to breandon.egg-info/top_level.txt
[0.861s] reading manifest file 'breandon.egg-info/SOURCES.txt'
[0.862s] writing manifest file 'breandon.egg-info/SOURCES.txt'
[0.863s] running build_ext
[0.863s] Creating /home/brandon/ros2_ws/install/breandon/lib/python3.10/site-packages/breandon.egg-link (link to .)
[0.864s] Installing Moving_forward script to /home/brandon/ros2_ws/install/breandon/lib/breandon
[0.864s] 
[0.864s] Installed /home/brandon/ros2_ws/build/breandon
[0.864s] running install_data
[0.881s] Invoked command in '/home/brandon/ros2_ws/build/breandon' returned '0': PYTHONPATH=/home/brandon/ros2_ws/build/breandon/prefix_override:/home/brandon/ros2_ws/install/breandon/lib/python3.10/site-packages:${PYTHONPATH} /usr/bin/python3 setup.py develop --editable --build-directory /home/brandon/ros2_ws/build/breandon/build --no-deps install_data
