running develop
Removing /home/jetson/breandon/ros2_ws/install/breandon/lib/python3.8/site-packages/breandon.egg-link (link to .)
running egg_info
writing ../../build/breandon/breandon.egg-info/PKG-INFO
writing dependency_links to ../../build/breandon/breandon.egg-info/dependency_links.txt
writing entry points to ../../build/breandon/breandon.egg-info/entry_points.txt
writing requirements to ../../build/breandon/breandon.egg-info/requires.txt
writing top-level names to ../../build/breandon/breandon.egg-info/top_level.txt
reading manifest file '../../build/breandon/breandon.egg-info/SOURCES.txt'
writing manifest file '../../build/breandon/breandon.egg-info/SOURCES.txt'
running build
running build_py
copying breandon/test_moving_forward.py -> /home/jetson/breandon/ros2_ws/build/breandon/build/lib/breandon
copying breandon/Opt_test_moving_forward.py -> /home/jetson/breandon/ros2_ws/build/breandon/build/lib/breandon
running install
running install_lib
creating /home/jetson/breandon/ros2_ws/install/breandon/lib/python3.8/site-packages/breandon
copying /home/jetson/breandon/ros2_ws/build/breandon/build/lib/breandon/test_moving_forward.py -> /home/jetson/breandon/ros2_ws/install/breandon/lib/python3.8/site-packages/breandon
copying /home/jetson/breandon/ros2_ws/build/breandon/build/lib/breandon/Opt_test_moving_forward.py -> /home/jetson/breandon/ros2_ws/install/breandon/lib/python3.8/site-packages/breandon
copying /home/jetson/breandon/ros2_ws/build/breandon/build/lib/breandon/__init__.py -> /home/jetson/breandon/ros2_ws/install/breandon/lib/python3.8/site-packages/breandon
byte-compiling /home/jetson/breandon/ros2_ws/install/breandon/lib/python3.8/site-packages/breandon/test_moving_forward.py to test_moving_forward.cpython-38.pyc
byte-compiling /home/jetson/breandon/ros2_ws/install/breandon/lib/python3.8/site-packages/breandon/Opt_test_moving_forward.py to Opt_test_moving_forward.cpython-38.pyc
byte-compiling /home/jetson/breandon/ros2_ws/install/breandon/lib/python3.8/site-packages/breandon/__init__.py to __init__.cpython-38.pyc
running install_data
copying package.xml -> /home/jetson/breandon/ros2_ws/install/breandon/share/breandon
running install_egg_info
Copying ../../build/breandon/breandon.egg-info to /home/jetson/breandon/ros2_ws/install/breandon/lib/python3.8/site-packages/breandon-0.0.0-py3.8.egg-info
running install_scripts
Installing Moving_forward script to /home/jetson/breandon/ros2_ws/install/breandon/lib/breandon
Installing Opt_Moving_forward script to /home/jetson/breandon/ros2_ws/install/breandon/lib/breandon
writing list of installed files to '/home/jetson/breandon/ros2_ws/build/breandon/install.log'
